2022-11-22 06:47:46.954  INFO 11822 --- [restartedMain] com.ale.filso.FilsoApplication           : Starting FilsoApplication using Java 17.0.4.1 on MacBook-Air-Florian.local with PID 11822 (/Users/florian/IdeaProjects/filso/target/classes started by florian in /Users/florian/IdeaProjects/filso)
2022-11-22 06:47:46.957  INFO 11822 --- [restartedMain] com.ale.filso.FilsoApplication           : No active profile set, falling back to 1 default profile: "default"
2022-11-22 06:47:46.993  INFO 11822 --- [restartedMain] .e.DevToolsPropertyDefaultsPostProcessor : Devtools property defaults active! Set 'spring.devtools.add-properties' to 'false' to disable
2022-11-22 06:47:46.993  INFO 11822 --- [restartedMain] .e.DevToolsPropertyDefaultsPostProcessor : For additional web related logging consider setting the 'logging.level.web' property to 'DEBUG'
2022-11-22 06:47:47.318  INFO 11822 --- [restartedMain] .s.d.r.c.RepositoryConfigurationDelegate : Bootstrapping Spring Data JPA repositories in DEFAULT mode.
2022-11-22 06:47:47.356  INFO 11822 --- [restartedMain] .s.d.r.c.RepositoryConfigurationDelegate : Finished Spring Data repository scanning in 35 ms. Found 7 JPA repository interfaces.
2022-11-22 06:47:47.661  INFO 11822 --- [restartedMain] o.s.b.w.embedded.tomcat.TomcatWebServer  : Tomcat initialized with port(s): 8080 (http)
2022-11-22 06:47:47.666  INFO 11822 --- [restartedMain] o.apache.catalina.core.StandardService   : Starting service [Tomcat]
2022-11-22 06:47:47.666  INFO 11822 --- [restartedMain] org.apache.catalina.core.StandardEngine  : Starting Servlet engine: [Apache Tomcat/9.0.65]
2022-11-22 06:47:47.705  INFO 11822 --- [restartedMain] o.a.c.c.C.[Tomcat].[localhost].[/]       : Initializing Spring embedded WebApplicationContext
2022-11-22 06:47:47.705  INFO 11822 --- [restartedMain] w.s.c.ServletWebServerApplicationContext : Root WebApplicationContext: initialization completed in 712 ms
2022-11-22 06:47:47.732  INFO 11822 --- [restartedMain] com.zaxxer.hikari.HikariDataSource       : HikariPool-1 - Starting...
2022-11-22 06:47:48.613  INFO 11822 --- [restartedMain] com.zaxxer.hikari.HikariDataSource       : HikariPool-1 - Start completed.
2022-11-22 06:47:48.623  INFO 11822 --- [restartedMain] o.s.b.a.h2.H2ConsoleAutoConfiguration    : H2 console available at '/h2-console'. Database available at 'jdbc:postgresql://ec2-54-228-30-162.eu-west-1.compute.amazonaws.com:5432/d81o9nqc4el01a'
2022-11-22 06:47:48.712  INFO 11822 --- [restartedMain] c.v.f.s.VaadinServletContextInitializer  : Search for VaadinAppShell took 20 ms
2022-11-22 06:47:47.653  INFO 11822 --- [restartedMain] c.v.f.s.VaadinServletContextInitializer  : Search for subclasses and classes with annotations took 842 ms
2022-11-22 06:47:47.688  INFO 11822 --- [restartedMain] c.v.b.d.startup.DevModeStartupListener   : Starting dev-mode updaters in /Users/florian/IdeaProjects/filso folder.
2022-11-22 06:47:47.710  INFO 11822 --- [restartedMain] c.v.f.s.f.s.FullDependenciesScanner      : Visited 122 classes. Took 14 ms.
2022-11-22 06:47:47.749  INFO 11822 --- [ForkJoinPool.commonPool-worker-2] c.v.f.s.frontend.TaskUpdatePackages      : Skipping `npm install` because the frontend packages are already installed in the folder '/Users/florian/IdeaProjects/filso/node_modules' and the hash in the file '/Users/florian/IdeaProjects/filso/node_modules/.vaadin/vaadin.json' is the same as in 'package.json'
2022-11-22 06:47:47.749  INFO 11822 --- [ForkJoinPool.commonPool-worker-2] c.v.f.s.frontend.TaskCopyFrontendFiles   : Copying frontend resources from jar files ...
2022-11-22 06:47:47.762  INFO 11822 --- [ForkJoinPool.commonPool-worker-2] c.v.f.s.frontend.TaskCopyFrontendFiles   : Visited 19 resources. Took 13 ms.
2022-11-22 06:47:47.777  INFO 11822 --- [ForkJoinPool.commonPool-worker-2] c.v.b.devserver.AbstractDevServerRunner  : Starting Webpack
2022-11-22 06:47:47.790  INFO 11822 --- [restartedMain] o.hibernate.jpa.internal.util.LogHelper  : HHH000204: Processing PersistenceUnitInfo [name: default]
2022-11-22 06:47:47.806  INFO 11822 --- [restartedMain] org.hibernate.Version                    : HHH000412: Hibernate ORM core version 5.6.10.Final
2022-11-22 06:47:47.858  INFO 11822 --- [restartedMain] o.hibernate.annotations.common.Version   : HCANN000001: Hibernate Commons Annotations {5.1.2.Final}
2022-11-22 06:47:47.898  INFO 11822 --- [restartedMain] org.hibernate.dialect.Dialect            : HHH000400: Using dialect: org.hibernate.dialect.PostgreSQL9Dialect
2022-11-22 06:47:49.008  INFO 11822 --- [ForkJoinPool.commonPool-worker-2] c.v.b.devserver.AbstractDevServerRunner  : Running Webpack to compile frontend resources. This may take a moment, please stand by...
2022-11-22 06:47:49.468  INFO 11822 --- [restartedMain] o.h.e.t.j.p.i.JtaPlatformInitiator       : HHH000490: Using JtaPlatform implementation: [org.hibernate.engine.transaction.jta.platform.internal.NoJtaPlatform]
2022-11-22 06:47:49.471  INFO 11822 --- [restartedMain] j.LocalContainerEntityManagerFactoryBean : Initialized JPA EntityManagerFactory for persistence unit 'default'
2022-11-22 06:47:49.873  WARN 11822 --- [restartedMain] JpaBaseConfiguration$JpaWebConfiguration : spring.jpa.open-in-view is enabled by default. Therefore, database queries may be performed during view rendering. Explicitly configure spring.jpa.open-in-view to disable this warning
2022-11-22 06:47:49.944  WARN 11822 --- [restartedMain] o.s.s.c.a.web.builders.WebSecurity       : You are asking Spring Security to ignore Or [Ant [pattern='/favicon.ico'], Ant [pattern='/manifest.webmanifest'], Ant [pattern='/sw.js'], Ant [pattern='/sw-runtime-resources-precache.js'], Ant [pattern='/offline.html'], Ant [pattern='/offline-stub.html'], Ant [pattern='/icons/icon.png'], Ant [pattern='/themes/**'], Ant [pattern='/icons/icon-144x144.png'], Ant [pattern='/icons/icon-192x192.png'], Ant [pattern='/icons/icon-512x512.png'], Ant [pattern='/icons/icon-16x16.png'], Ant [pattern='/icons/icon-32x32.png'], Ant [pattern='/icons/icon-96x96.png'], Ant [pattern='/icons/icon-180x180.png'], Ant [pattern='/icons/icon-2048x2732.png'], Ant [pattern='/icons/icon-2732x2048.png'], Ant [pattern='/icons/icon-1668x2388.png'], Ant [pattern='/icons/icon-2388x1668.png'], Ant [pattern='/icons/icon-1668x2224.png'], Ant [pattern='/icons/icon-2224x1668.png'], Ant [pattern='/icons/icon-1620x2160.png'], Ant [pattern='/icons/icon-2160x1620.png'], Ant [pattern='/icons/icon-1536x2048.png'], Ant [pattern='/icons/icon-2048x1536.png'], Ant [pattern='/icons/icon-1284x2778.png'], Ant [pattern='/icons/icon-2778x1284.png'], Ant [pattern='/icons/icon-1170x2532.png'], Ant [pattern='/icons/icon-2532x1170.png'], Ant [pattern='/icons/icon-1125x2436.png'], Ant [pattern='/icons/icon-2436x1125.png'], Ant [pattern='/icons/icon-1242x2688.png'], Ant [pattern='/icons/icon-2688x1242.png'], Ant [pattern='/icons/icon-828x1792.png'], Ant [pattern='/icons/icon-1792x828.png'], Ant [pattern='/icons/icon-1242x2208.png'], Ant [pattern='/icons/icon-2208x1242.png'], Ant [pattern='/icons/icon-750x1334.png'], Ant [pattern='/icons/icon-1334x750.png'], Ant [pattern='/icons/icon-640x1136.png'], Ant [pattern='/icons/icon-1136x640.png']]. This is not recommended -- please use permitAll via HttpSecurity#authorizeHttpRequests instead.
2022-11-22 06:47:49.944  INFO 11822 --- [restartedMain] o.s.s.web.DefaultSecurityFilterChain     : Will not secure Or [Ant [pattern='/favicon.ico'], Ant [pattern='/manifest.webmanifest'], Ant [pattern='/sw.js'], Ant [pattern='/sw-runtime-resources-precache.js'], Ant [pattern='/offline.html'], Ant [pattern='/offline-stub.html'], Ant [pattern='/icons/icon.png'], Ant [pattern='/themes/**'], Ant [pattern='/icons/icon-144x144.png'], Ant [pattern='/icons/icon-192x192.png'], Ant [pattern='/icons/icon-512x512.png'], Ant [pattern='/icons/icon-16x16.png'], Ant [pattern='/icons/icon-32x32.png'], Ant [pattern='/icons/icon-96x96.png'], Ant [pattern='/icons/icon-180x180.png'], Ant [pattern='/icons/icon-2048x2732.png'], Ant [pattern='/icons/icon-2732x2048.png'], Ant [pattern='/icons/icon-1668x2388.png'], Ant [pattern='/icons/icon-2388x1668.png'], Ant [pattern='/icons/icon-1668x2224.png'], Ant [pattern='/icons/icon-2224x1668.png'], Ant [pattern='/icons/icon-1620x2160.png'], Ant [pattern='/icons/icon-2160x1620.png'], Ant [pattern='/icons/icon-1536x2048.png'], Ant [pattern='/icons/icon-2048x1536.png'], Ant [pattern='/icons/icon-1284x2778.png'], Ant [pattern='/icons/icon-2778x1284.png'], Ant [pattern='/icons/icon-1170x2532.png'], Ant [pattern='/icons/icon-2532x1170.png'], Ant [pattern='/icons/icon-1125x2436.png'], Ant [pattern='/icons/icon-2436x1125.png'], Ant [pattern='/icons/icon-1242x2688.png'], Ant [pattern='/icons/icon-2688x1242.png'], Ant [pattern='/icons/icon-828x1792.png'], Ant [pattern='/icons/icon-1792x828.png'], Ant [pattern='/icons/icon-1242x2208.png'], Ant [pattern='/icons/icon-2208x1242.png'], Ant [pattern='/icons/icon-750x1334.png'], Ant [pattern='/icons/icon-1334x750.png'], Ant [pattern='/icons/icon-640x1136.png'], Ant [pattern='/icons/icon-1136x640.png']]
2022-11-22 06:47:49.945  WARN 11822 --- [restartedMain] o.s.s.c.a.web.builders.WebSecurity       : You are asking Spring Security to ignore Ant [pattern='/api/**']. This is not recommended -- please use permitAll via HttpSecurity#authorizeHttpRequests instead.
2022-11-22 06:47:49.945  INFO 11822 --- [restartedMain] o.s.s.web.DefaultSecurityFilterChain     : Will not secure Ant [pattern='/api/**']
2022-11-22 06:47:49.945  WARN 11822 --- [restartedMain] o.s.s.c.a.web.builders.WebSecurity       : You are asking Spring Security to ignore Ant [pattern='/VAADIN/**']. This is not recommended -- please use permitAll via HttpSecurity#authorizeHttpRequests instead.
2022-11-22 06:47:49.945  INFO 11822 --- [restartedMain] o.s.s.web.DefaultSecurityFilterChain     : Will not secure Ant [pattern='/VAADIN/**']
2022-11-22 06:47:49.945  WARN 11822 --- [restartedMain] o.s.s.c.a.web.builders.WebSecurity       : You are asking Spring Security to ignore Ant [pattern='/favicon.ico']. This is not recommended -- please use permitAll via HttpSecurity#authorizeHttpRequests instead.
2022-11-22 06:47:49.945  INFO 11822 --- [restartedMain] o.s.s.web.DefaultSecurityFilterChain     : Will not secure Ant [pattern='/favicon.ico']
2022-11-22 06:47:49.945  WARN 11822 --- [restartedMain] o.s.s.c.a.web.builders.WebSecurity       : You are asking Spring Security to ignore Ant [pattern='/robots.txt']. This is not recommended -- please use permitAll via HttpSecurity#authorizeHttpRequests instead.
2022-11-22 06:47:49.945  INFO 11822 --- [restartedMain] o.s.s.web.DefaultSecurityFilterChain     : Will not secure Ant [pattern='/robots.txt']
2022-11-22 06:47:49.945  WARN 11822 --- [restartedMain] o.s.s.c.a.web.builders.WebSecurity       : You are asking Spring Security to ignore Ant [pattern='/manifest.webmanifest']. This is not recommended -- please use permitAll via HttpSecurity#authorizeHttpRequests instead.
2022-11-22 06:47:49.945  INFO 11822 --- [restartedMain] o.s.s.web.DefaultSecurityFilterChain     : Will not secure Ant [pattern='/manifest.webmanifest']
2022-11-22 06:47:49.945  WARN 11822 --- [restartedMain] o.s.s.c.a.web.builders.WebSecurity       : You are asking Spring Security to ignore Ant [pattern='/sw.js']. This is not recommended -- please use permitAll via HttpSecurity#authorizeHttpRequests instead.
2022-11-22 06:47:49.945  INFO 11822 --- [restartedMain] o.s.s.web.DefaultSecurityFilterChain     : Will not secure Ant [pattern='/sw.js']
2022-11-22 06:47:49.945  WARN 11822 --- [restartedMain] o.s.s.c.a.web.builders.WebSecurity       : You are asking Spring Security to ignore Ant [pattern='/offline-page.html']. This is not recommended -- please use permitAll via HttpSecurity#authorizeHttpRequests instead.
2022-11-22 06:47:49.945  INFO 11822 --- [restartedMain] o.s.s.web.DefaultSecurityFilterChain     : Will not secure Ant [pattern='/offline-page.html']
2022-11-22 06:47:49.945  WARN 11822 --- [restartedMain] o.s.s.c.a.web.builders.WebSecurity       : You are asking Spring Security to ignore Ant [pattern='/icons/**']. This is not recommended -- please use permitAll via HttpSecurity#authorizeHttpRequests instead.
2022-11-22 06:47:49.945  INFO 11822 --- [restartedMain] o.s.s.web.DefaultSecurityFilterChain     : Will not secure Ant [pattern='/icons/**']
2022-11-22 06:47:49.945  WARN 11822 --- [restartedMain] o.s.s.c.a.web.builders.WebSecurity       : You are asking Spring Security to ignore Ant [pattern='/images/**']. This is not recommended -- please use permitAll via HttpSecurity#authorizeHttpRequests instead.
2022-11-22 06:47:49.945  INFO 11822 --- [restartedMain] o.s.s.web.DefaultSecurityFilterChain     : Will not secure Ant [pattern='/images/**']
2022-11-22 06:47:49.945  WARN 11822 --- [restartedMain] o.s.s.c.a.web.builders.WebSecurity       : You are asking Spring Security to ignore Ant [pattern='/h2-console/**']. This is not recommended -- please use permitAll via HttpSecurity#authorizeHttpRequests instead.
2022-11-22 06:47:49.945  INFO 11822 --- [restartedMain] o.s.s.web.DefaultSecurityFilterChain     : Will not secure Ant [pattern='/h2-console/**']
2022-11-22 06:47:49.971  INFO 11822 --- [restartedMain] o.s.s.web.DefaultSecurityFilterChain     : Will secure any request with [org.springframework.security.web.session.DisableEncodeUrlFilter@66404506, org.springframework.security.web.context.request.async.WebAsyncManagerIntegrationFilter@760b0d97, org.springframework.security.web.context.SecurityContextPersistenceFilter@7aa4e59, org.springframework.security.web.header.HeaderWriterFilter@1f98f567, org.springframework.security.web.authentication.logout.LogoutFilter@71dfee0a, org.springframework.security.web.authentication.UsernamePasswordAuthenticationFilter@33c4216d, org.springframework.security.web.savedrequest.RequestCacheAwareFilter@190bb3eb, org.springframework.security.web.servletapi.SecurityContextHolderAwareRequestFilter@507d68e1, org.springframework.security.web.authentication.AnonymousAuthenticationFilter@2a97df68, org.springframework.security.web.session.SessionManagementFilter@b7e996f, org.springframework.security.web.access.ExceptionTranslationFilter@6e8d5300, org.springframework.security.web.access.intercept.FilterSecurityInterceptor@6441250d]
2022-11-22 06:47:50.150  INFO 11822 --- [restartedMain] o.s.b.d.a.OptionalLiveReloadServer       : LiveReload server is running on port 35729
2022-11-22 06:47:50.223  INFO 11822 --- [restartedMain] c.v.f.s.DefaultDeploymentConfiguration   : 
Vaadin is running in DEVELOPMENT mode - do not use for production deployments.
2022-11-22 06:47:50.248  INFO 11822 --- [restartedMain] o.s.b.w.embedded.tomcat.TomcatWebServer  : Tomcat started on port(s): 8080 (http) with context path ''
2022-11-22 06:47:50.256  INFO 11822 --- [restartedMain] com.ale.filso.FilsoApplication           : Started FilsoApplication in 5.471 seconds (JVM running for 5.794)
2022-11-22 06:47:50.334  INFO 11822 --- [dev-server-output] c.v.b.devserver.DevServerOutputTracker   : [webpack-dev-server] Project is running at:
2022-11-22 06:47:50.334  INFO 11822 --- [dev-server-output] c.v.b.devserver.DevServerOutputTracker   : [webpack-dev-server] Loopback: http://localhost:60740/
2022-11-22 06:47:50.334  INFO 11822 --- [dev-server-output] c.v.b.devserver.DevServerOutputTracker   : [webpack-dev-server] On Your Network (IPv4): http://192.168.0.150:60740/
2022-11-22 06:47:50.334  INFO 11822 --- [dev-server-output] c.v.b.devserver.DevServerOutputTracker   : [webpack-dev-server] On Your Network (IPv6): http://[fe80::1]:60740/
2022-11-22 06:47:50.334  INFO 11822 --- [dev-server-output] c.v.b.devserver.DevServerOutputTracker   : [webpack-dev-server] Content not from webpack is served from '/Users/florian/IdeaProjects/filso/target/classes/META-INF/VAADIN/webapp, /Users/florian/IdeaProjects/filso/src/main/webapp' directory
2022-11-22 06:47:50.593  INFO 11822 --- [http-nio-8080-exec-1] o.a.c.c.C.[Tomcat].[localhost].[/]       : Initializing Spring DispatcherServlet 'dispatcherServlet'
2022-11-22 06:47:50.594  INFO 11822 --- [http-nio-8080-exec-1] o.s.web.servlet.DispatcherServlet        : Initializing Servlet 'dispatcherServlet'
2022-11-22 06:47:50.595  INFO 11822 --- [http-nio-8080-exec-1] o.s.web.servlet.DispatcherServlet        : Completed initialization in 1 ms
2022-11-22 06:47:52.015  INFO 11822 --- [dev-server-output] c.v.b.devserver.DevServerOutputTracker   : [build-status] : Compiled.
2022-11-22 06:47:52.017  INFO 11822 --- [ForkJoinPool.commonPool-worker-2] c.v.b.devserver.AbstractDevServerRunner  : Started Webpack. Time: 4240ms
2022-11-22 06:47:52.028  INFO 11822 --- [dev-server-output] c.v.b.devserver.DevServerOutputTracker   : No issues found.
2022-11-22 06:47:52.124  INFO 11822 --- [dev-server-output] c.v.b.devserver.DevServerOutputTracker   : [webpack-dev-middleware] wait until bundle finished: /login
2022-11-22 06:47:52.295  INFO 11822 --- [dev-server-output] c.v.b.devserver.DevServerOutputTracker   : [build-status] : Compiled.
2022-11-22 06:47:52.306  INFO 11822 --- [dev-server-output] c.v.b.devserver.DevServerOutputTracker   : No issues found.
2022-11-22 06:48:11.236 ERROR 11822 --- [http-nio-8080-exec-3] c.v.flow.server.DefaultErrorHandler      : 

java.lang.NullPointerException: Cannot invoke "com.ale.filso.models.Warehouse.Product.getQuantity()" because "productToUpdate" is null
	at com.ale.filso.models.Brew.IngredientService.delete(IngredientService.java:46) ~[classes/:na]
	at com.ale.filso.models.Brew.IngredientService$$FastClassBySpringCGLIB$$a2711bf2.invoke(<generated>) ~[classes/:na]
	at org.springframework.cglib.proxy.MethodProxy.invoke(MethodProxy.java:218) ~[spring-core-5.3.22.jar:5.3.22]
	at org.springframework.aop.framework.CglibAopProxy$CglibMethodInvocation.invokeJoinpoint(CglibAopProxy.java:793) ~[spring-aop-5.3.22.jar:5.3.22]
	at org.springframework.aop.framework.ReflectiveMethodInvocation.proceed(ReflectiveMethodInvocation.java:163) ~[spring-aop-5.3.22.jar:5.3.22]
	at org.springframework.aop.framework.CglibAopProxy$CglibMethodInvocation.proceed(CglibAopProxy.java:763) ~[spring-aop-5.3.22.jar:5.3.22]
	at org.springframework.transaction.interceptor.TransactionInterceptor$1.proceedWithInvocation(TransactionInterceptor.java:123) ~[spring-tx-5.3.22.jar:5.3.22]
	at org.springframework.transaction.interceptor.TransactionAspectSupport.invokeWithinTransaction(TransactionAspectSupport.java:388) ~[spring-tx-5.3.22.jar:5.3.22]
	at org.springframework.transaction.interceptor.TransactionInterceptor.invoke(TransactionInterceptor.java:119) ~[spring-tx-5.3.22.jar:5.3.22]
	at org.springframework.aop.framework.ReflectiveMethodInvocation.proceed(ReflectiveMethodInvocation.java:186) ~[spring-aop-5.3.22.jar:5.3.22]
	at org.springframework.aop.framework.CglibAopProxy$CglibMethodInvocation.proceed(CglibAopProxy.java:763) ~[spring-aop-5.3.22.jar:5.3.22]
	at org.springframework.aop.framework.CglibAopProxy$DynamicAdvisedInterceptor.intercept(CglibAopProxy.java:708) ~[spring-aop-5.3.22.jar:5.3.22]
	at com.ale.filso.models.Brew.IngredientService$$EnhancerBySpringCGLIB$$b34f5536.delete(<generated>) ~[classes/:na]
	at com.ale.filso.views.brewhouse.dialogs.DeleteIngredientDialog.saveAction(DeleteIngredientDialog.java:42) ~[classes/:na]
	at com.ale.filso.views.components.customDialogs.CustomFormDialog.lambda$createActionDialog$9b1b5227$2(CustomFormDialog.java:44) ~[classes/:na]
	at com.vaadin.flow.component.ComponentEventBus.fireEventForListener(ComponentEventBus.java:206) ~[flow-server-23.1.6.jar:23.1.6]
	at com.vaadin.flow.component.ComponentEventBus.handleDomEvent(ComponentEventBus.java:448) ~[flow-server-23.1.6.jar:23.1.6]
	at com.vaadin.flow.component.ComponentEventBus.lambda$addDomTrigger$dd1b7957$1(ComponentEventBus.java:265) ~[flow-server-23.1.6.jar:23.1.6]
	at com.vaadin.flow.internal.nodefeature.ElementListenerMap.lambda$fireEvent$2(ElementListenerMap.java:447) ~[flow-server-23.1.6.jar:23.1.6]
	at java.base/java.util.ArrayList.forEach(ArrayList.java:1511) ~[na:na]
	at com.vaadin.flow.internal.nodefeature.ElementListenerMap.fireEvent(ElementListenerMap.java:447) ~[flow-server-23.1.6.jar:23.1.6]
	at com.vaadin.flow.server.communication.rpc.EventRpcHandler.handleNode(EventRpcHandler.java:62) ~[flow-server-23.1.6.jar:23.1.6]
	at com.vaadin.flow.server.communication.rpc.AbstractRpcInvocationHandler.handle(AbstractRpcInvocationHandler.java:75) ~[flow-server-23.1.6.jar:23.1.6]
	at com.vaadin.flow.server.communication.ServerRpcHandler.handleInvocationData(ServerRpcHandler.java:438) ~[flow-server-23.1.6.jar:23.1.6]
	at com.vaadin.flow.server.communication.ServerRpcHandler.lambda$handleInvocations$1(ServerRpcHandler.java:419) ~[flow-server-23.1.6.jar:23.1.6]
	at java.base/java.util.ArrayList.forEach(ArrayList.java:1511) ~[na:na]
	at com.vaadin.flow.server.communication.ServerRpcHandler.handleInvocations(ServerRpcHandler.java:419) ~[flow-server-23.1.6.jar:23.1.6]
	at com.vaadin.flow.server.communication.ServerRpcHandler.handleRpc(ServerRpcHandler.java:320) ~[flow-server-23.1.6.jar:23.1.6]
	at com.vaadin.flow.server.communication.UidlRequestHandler.synchronizedHandleRequest(UidlRequestHandler.java:115) ~[flow-server-23.1.6.jar:23.1.6]
	at com.vaadin.flow.server.SynchronizedRequestHandler.handleRequest(SynchronizedRequestHandler.java:40) ~[flow-server-23.1.6.jar:23.1.6]
	at com.vaadin.flow.server.VaadinService.handleRequest(VaadinService.java:1564) ~[flow-server-23.1.6.jar:23.1.6]
	at com.vaadin.flow.server.VaadinServlet.service(VaadinServlet.java:299) ~[flow-server-23.1.6.jar:23.1.6]
	at com.vaadin.flow.spring.SpringServlet.service(SpringServlet.java:109) ~[vaadin-spring-23.1.6.jar:na]
	at javax.servlet.http.HttpServlet.service(HttpServlet.java:764) ~[tomcat-embed-core-9.0.65.jar:4.0.FR]
	at org.apache.catalina.core.ApplicationFilterChain.internalDoFilter(ApplicationFilterChain.java:227) ~[tomcat-embed-core-9.0.65.jar:9.0.65]
	at org.apache.catalina.core.ApplicationFilterChain.doFilter(ApplicationFilterChain.java:162) ~[tomcat-embed-core-9.0.65.jar:9.0.65]
	at org.apache.catalina.core.ApplicationDispatcher.invoke(ApplicationDispatcher.java:711) ~[tomcat-embed-core-9.0.65.jar:9.0.65]
	at org.apache.catalina.core.ApplicationDispatcher.processRequest(ApplicationDispatcher.java:459) ~[tomcat-embed-core-9.0.65.jar:9.0.65]
	at org.apache.catalina.core.ApplicationDispatcher.doForward(ApplicationDispatcher.java:353) ~[tomcat-embed-core-9.0.65.jar:9.0.65]
	at org.apache.catalina.core.ApplicationDispatcher.forward(ApplicationDispatcher.java:313) ~[tomcat-embed-core-9.0.65.jar:9.0.65]
	at org.springframework.web.servlet.mvc.ServletForwardingController.handleRequestInternal(ServletForwardingController.java:141) ~[spring-webmvc-5.3.22.jar:5.3.22]
	at org.springframework.web.servlet.mvc.AbstractController.handleRequest(AbstractController.java:177) ~[spring-webmvc-5.3.22.jar:5.3.22]
	at org.springframework.web.servlet.mvc.SimpleControllerHandlerAdapter.handle(SimpleControllerHandlerAdapter.java:51) ~[spring-webmvc-5.3.22.jar:5.3.22]
	at org.springframework.web.servlet.DispatcherServlet.doDispatch(DispatcherServlet.java:1070) ~[spring-webmvc-5.3.22.jar:5.3.22]
	at org.springframework.web.servlet.DispatcherServlet.doService(DispatcherServlet.java:963) ~[spring-webmvc-5.3.22.jar:5.3.22]
	at org.springframework.web.servlet.FrameworkServlet.processRequest(FrameworkServlet.java:1006) ~[spring-webmvc-5.3.22.jar:5.3.22]
	at org.springframework.web.servlet.FrameworkServlet.doPost(FrameworkServlet.java:909) ~[spring-webmvc-5.3.22.jar:5.3.22]
	at javax.servlet.http.HttpServlet.service(HttpServlet.java:681) ~[tomcat-embed-core-9.0.65.jar:4.0.FR]
	at org.springframework.web.servlet.FrameworkServlet.service(FrameworkServlet.java:883) ~[spring-webmvc-5.3.22.jar:5.3.22]
	at javax.servlet.http.HttpServlet.service(HttpServlet.java:764) ~[tomcat-embed-core-9.0.65.jar:4.0.FR]
	at org.apache.catalina.core.ApplicationFilterChain.internalDoFilter(ApplicationFilterChain.java:227) ~[tomcat-embed-core-9.0.65.jar:9.0.65]
	at org.apache.catalina.core.ApplicationFilterChain.doFilter(ApplicationFilterChain.java:162) ~[tomcat-embed-core-9.0.65.jar:9.0.65]
	at org.apache.tomcat.websocket.server.WsFilter.doFilter(WsFilter.java:53) ~[tomcat-embed-websocket-9.0.65.jar:9.0.65]
	at org.apache.catalina.core.ApplicationFilterChain.internalDoFilter(ApplicationFilterChain.java:189) ~[tomcat-embed-core-9.0.65.jar:9.0.65]
	at org.apache.catalina.core.ApplicationFilterChain.doFilter(ApplicationFilterChain.java:162) ~[tomcat-embed-core-9.0.65.jar:9.0.65]
	at org.springframework.security.web.FilterChainProxy$VirtualFilterChain.doFilter(FilterChainProxy.java:337) ~[spring-security-web-5.7.3.jar:5.7.3]
	at org.springframework.security.web.access.intercept.FilterSecurityInterceptor.invoke(FilterSecurityInterceptor.java:115) ~[spring-security-web-5.7.3.jar:5.7.3]
	at org.springframework.security.web.access.intercept.FilterSecurityInterceptor.doFilter(FilterSecurityInterceptor.java:81) ~[spring-security-web-5.7.3.jar:5.7.3]
	at org.springframework.security.web.FilterChainProxy$VirtualFilterChain.doFilter(FilterChainProxy.java:346) ~[spring-security-web-5.7.3.jar:5.7.3]
	at org.springframework.security.web.access.ExceptionTranslationFilter.doFilter(ExceptionTranslationFilter.java:122) ~[spring-security-web-5.7.3.jar:5.7.3]
	at org.springframework.security.web.access.ExceptionTranslationFilter.doFilter(ExceptionTranslationFilter.java:116) ~[spring-security-web-5.7.3.jar:5.7.3]
	at org.springframework.security.web.FilterChainProxy$VirtualFilterChain.doFilter(FilterChainProxy.java:346) ~[spring-security-web-5.7.3.jar:5.7.3]
	at org.springframework.security.web.session.SessionManagementFilter.doFilter(SessionManagementFilter.java:126) ~[spring-security-web-5.7.3.jar:5.7.3]
	at org.springframework.security.web.session.SessionManagementFilter.doFilter(SessionManagementFilter.java:81) ~[spring-security-web-5.7.3.jar:5.7.3]
	at org.springframework.security.web.FilterChainProxy$VirtualFilterChain.doFilter(FilterChainProxy.java:346) ~[spring-security-web-5.7.3.jar:5.7.3]
	at org.springframework.security.web.authentication.AnonymousAuthenticationFilter.doFilter(AnonymousAuthenticationFilter.java:109) ~[spring-security-web-5.7.3.jar:5.7.3]
	at org.springframework.security.web.FilterChainProxy$VirtualFilterChain.doFilter(FilterChainProxy.java:346) ~[spring-security-web-5.7.3.jar:5.7.3]
	at org.springframework.security.web.servletapi.SecurityContextHolderAwareRequestFilter.doFilter(SecurityContextHolderAwareRequestFilter.java:149) ~[spring-security-web-5.7.3.jar:5.7.3]
	at org.springframework.security.web.FilterChainProxy$VirtualFilterChain.doFilter(FilterChainProxy.java:346) ~[spring-security-web-5.7.3.jar:5.7.3]
	at org.springframework.security.web.savedrequest.RequestCacheAwareFilter.doFilter(RequestCacheAwareFilter.java:63) ~[spring-security-web-5.7.3.jar:5.7.3]
	at org.springframework.security.web.FilterChainProxy$VirtualFilterChain.doFilter(FilterChainProxy.java:346) ~[spring-security-web-5.7.3.jar:5.7.3]
	at org.springframework.security.web.authentication.AbstractAuthenticationProcessingFilter.doFilter(AbstractAuthenticationProcessingFilter.java:223) ~[spring-security-web-5.7.3.jar:5.7.3]
	at org.springframework.security.web.authentication.AbstractAuthenticationProcessingFilter.doFilter(AbstractAuthenticationProcessingFilter.java:217) ~[spring-security-web-5.7.3.jar:5.7.3]
	at org.springframework.security.web.FilterChainProxy$VirtualFilterChain.doFilter(FilterChainProxy.java:346) ~[spring-security-web-5.7.3.jar:5.7.3]
	at org.springframework.security.web.authentication.logout.LogoutFilter.doFilter(LogoutFilter.java:103) ~[spring-security-web-5.7.3.jar:5.7.3]
	at org.springframework.security.web.authentication.logout.LogoutFilter.doFilter(LogoutFilter.java:89) ~[spring-security-web-5.7.3.jar:5.7.3]
	at org.springframework.security.web.FilterChainProxy$VirtualFilterChain.doFilter(FilterChainProxy.java:346) ~[spring-security-web-5.7.3.jar:5.7.3]
	at org.springframework.security.web.header.HeaderWriterFilter.doHeadersAfter(HeaderWriterFilter.java:90) ~[spring-security-web-5.7.3.jar:5.7.3]
	at org.springframework.security.web.header.HeaderWriterFilter.doFilterInternal(HeaderWriterFilter.java:75) ~[spring-security-web-5.7.3.jar:5.7.3]
	at org.springframework.web.filter.OncePerRequestFilter.doFilter(OncePerRequestFilter.java:117) ~[spring-web-5.3.22.jar:5.3.22]
	at org.springframework.security.web.FilterChainProxy$VirtualFilterChain.doFilter(FilterChainProxy.java:346) ~[spring-security-web-5.7.3.jar:5.7.3]
	at org.springframework.security.web.context.SecurityContextPersistenceFilter.doFilter(SecurityContextPersistenceFilter.java:112) ~[spring-security-web-5.7.3.jar:5.7.3]
	at org.springframework.security.web.context.SecurityContextPersistenceFilter.doFilter(SecurityContextPersistenceFilter.java:82) ~[spring-security-web-5.7.3.jar:5.7.3]
	at org.springframework.security.web.FilterChainProxy$VirtualFilterChain.doFilter(FilterChainProxy.java:346) ~[spring-security-web-5.7.3.jar:5.7.3]
	at org.springframework.security.web.context.request.async.WebAsyncManagerIntegrationFilter.doFilterInternal(WebAsyncManagerIntegrationFilter.java:55) ~[spring-security-web-5.7.3.jar:5.7.3]
	at org.springframework.web.filter.OncePerRequestFilter.doFilter(OncePerRequestFilter.java:117) ~[spring-web-5.3.22.jar:5.3.22]
	at org.springframework.security.web.FilterChainProxy$VirtualFilterChain.doFilter(FilterChainProxy.java:346) ~[spring-security-web-5.7.3.jar:5.7.3]
	at org.springframework.security.web.session.DisableEncodeUrlFilter.doFilterInternal(DisableEncodeUrlFilter.java:42) ~[spring-security-web-5.7.3.jar:5.7.3]
	at org.springframework.web.filter.OncePerRequestFilter.doFilter(OncePerRequestFilter.java:117) ~[spring-web-5.3.22.jar:5.3.22]
	at org.springframework.security.web.FilterChainProxy$VirtualFilterChain.doFilter(FilterChainProxy.java:346) ~[spring-security-web-5.7.3.jar:5.7.3]
	at org.springframework.security.web.FilterChainProxy.doFilterInternal(FilterChainProxy.java:221) ~[spring-security-web-5.7.3.jar:5.7.3]
	at org.springframework.security.web.FilterChainProxy.doFilter(FilterChainProxy.java:186) ~[spring-security-web-5.7.3.jar:5.7.3]
	at org.springframework.web.filter.DelegatingFilterProxy.invokeDelegate(DelegatingFilterProxy.java:354) ~[spring-web-5.3.22.jar:5.3.22]
	at org.springframework.web.filter.DelegatingFilterProxy.doFilter(DelegatingFilterProxy.java:267) ~[spring-web-5.3.22.jar:5.3.22]
	at org.apache.catalina.core.ApplicationFilterChain.internalDoFilter(ApplicationFilterChain.java:189) ~[tomcat-embed-core-9.0.65.jar:9.0.65]
	at org.apache.catalina.core.ApplicationFilterChain.doFilter(ApplicationFilterChain.java:162) ~[tomcat-embed-core-9.0.65.jar:9.0.65]
	at org.springframework.web.filter.RequestContextFilter.doFilterInternal(RequestContextFilter.java:100) ~[spring-web-5.3.22.jar:5.3.22]
	at org.springframework.web.filter.OncePerRequestFilter.doFilter(OncePerRequestFilter.java:117) ~[spring-web-5.3.22.jar:5.3.22]
	at org.apache.catalina.core.ApplicationFilterChain.internalDoFilter(ApplicationFilterChain.java:189) ~[tomcat-embed-core-9.0.65.jar:9.0.65]
	at org.apache.catalina.core.ApplicationFilterChain.doFilter(ApplicationFilterChain.java:162) ~[tomcat-embed-core-9.0.65.jar:9.0.65]
	at org.springframework.web.filter.FormContentFilter.doFilterInternal(FormContentFilter.java:93) ~[spring-web-5.3.22.jar:5.3.22]
	at org.springframework.web.filter.OncePerRequestFilter.doFilter(OncePerRequestFilter.java:117) ~[spring-web-5.3.22.jar:5.3.22]
	at org.apache.catalina.core.ApplicationFilterChain.internalDoFilter(ApplicationFilterChain.java:189) ~[tomcat-embed-core-9.0.65.jar:9.0.65]
	at org.apache.catalina.core.ApplicationFilterChain.doFilter(ApplicationFilterChain.java:162) ~[tomcat-embed-core-9.0.65.jar:9.0.65]
	at org.springframework.web.filter.CharacterEncodingFilter.doFilterInternal(CharacterEncodingFilter.java:201) ~[spring-web-5.3.22.jar:5.3.22]
	at org.springframework.web.filter.OncePerRequestFilter.doFilter(OncePerRequestFilter.java:117) ~[spring-web-5.3.22.jar:5.3.22]
	at org.apache.catalina.core.ApplicationFilterChain.internalDoFilter(ApplicationFilterChain.java:189) ~[tomcat-embed-core-9.0.65.jar:9.0.65]
	at org.apache.catalina.core.ApplicationFilterChain.doFilter(ApplicationFilterChain.java:162) ~[tomcat-embed-core-9.0.65.jar:9.0.65]
	at org.apache.catalina.core.StandardWrapperValve.invoke(StandardWrapperValve.java:197) ~[tomcat-embed-core-9.0.65.jar:9.0.65]
	at org.apache.catalina.core.StandardContextValve.invoke(StandardContextValve.java:97) ~[tomcat-embed-core-9.0.65.jar:9.0.65]
	at org.apache.catalina.authenticator.AuthenticatorBase.invoke(AuthenticatorBase.java:541) ~[tomcat-embed-core-9.0.65.jar:9.0.65]
	at org.apache.catalina.core.StandardHostValve.invoke(StandardHostValve.java:135) ~[tomcat-embed-core-9.0.65.jar:9.0.65]
	at org.apache.catalina.valves.ErrorReportValve.invoke(ErrorReportValve.java:92) ~[tomcat-embed-core-9.0.65.jar:9.0.65]
	at org.apache.catalina.core.StandardEngineValve.invoke(StandardEngineValve.java:78) ~[tomcat-embed-core-9.0.65.jar:9.0.65]
	at org.apache.catalina.connector.CoyoteAdapter.service(CoyoteAdapter.java:360) ~[tomcat-embed-core-9.0.65.jar:9.0.65]
	at org.apache.coyote.http11.Http11Processor.service(Http11Processor.java:399) ~[tomcat-embed-core-9.0.65.jar:9.0.65]
	at org.apache.coyote.AbstractProcessorLight.process(AbstractProcessorLight.java:65) ~[tomcat-embed-core-9.0.65.jar:9.0.65]
	at org.apache.coyote.AbstractProtocol$ConnectionHandler.process(AbstractProtocol.java:890) ~[tomcat-embed-core-9.0.65.jar:9.0.65]
	at org.apache.tomcat.util.net.NioEndpoint$SocketProcessor.doRun(NioEndpoint.java:1789) ~[tomcat-embed-core-9.0.65.jar:9.0.65]
	at org.apache.tomcat.util.net.SocketProcessorBase.run(SocketProcessorBase.java:49) ~[tomcat-embed-core-9.0.65.jar:9.0.65]
	at org.apache.tomcat.util.threads.ThreadPoolExecutor.runWorker(ThreadPoolExecutor.java:1191) ~[tomcat-embed-core-9.0.65.jar:9.0.65]
	at org.apache.tomcat.util.threads.ThreadPoolExecutor$Worker.run(ThreadPoolExecutor.java:659) ~[tomcat-embed-core-9.0.65.jar:9.0.65]
	at org.apache.tomcat.util.threads.TaskThread$WrappingRunnable.run(TaskThread.java:61) ~[tomcat-embed-core-9.0.65.jar:9.0.65]
	at java.base/java.lang.Thread.run(Thread.java:833) ~[na:na]

2022-11-22 06:48:16.774  WARN 11822 --- [HikariPool-1 housekeeper] com.zaxxer.hikari.pool.HikariPool        : HikariPool-1 - Retrograde clock change detected (housekeeper delta=28s55ms), soft-evicting connections from pool.
2022-11-22 06:49:40.020  INFO 11822 --- [dev-server-output] c.v.b.devserver.DevServerOutputTracker   : [webpack-dev-server] Gracefully shutting down. To force exit, press ^C again. Please wait...
2022-11-22 06:49:40.036  INFO 11822 --- [SpringApplicationShutdownHook] j.LocalContainerEntityManagerFactoryBean : Closing JPA EntityManagerFactory for persistence unit 'default'
2022-11-22 06:49:40.038  INFO 11822 --- [SpringApplicationShutdownHook] com.zaxxer.hikari.HikariDataSource       : HikariPool-1 - Shutdown initiated...
2022-11-22 06:49:40.655  INFO 11822 --- [SpringApplicationShutdownHook] com.zaxxer.hikari.HikariDataSource       : HikariPool-1 - Shutdown completed.
2022-11-22 06:52:38.588  INFO 11945 --- [restartedMain] com.ale.filso.FilsoApplication           : Starting FilsoApplication using Java 17.0.4.1 on MacBook-Air-Florian.local with PID 11945 (/Users/florian/IdeaProjects/filso/target/classes started by florian in /Users/florian/IdeaProjects/filso)
2022-11-22 06:52:38.588  INFO 11945 --- [restartedMain] com.ale.filso.FilsoApplication           : No active profile set, falling back to 1 default profile: "default"
2022-11-22 06:52:38.614  INFO 11945 --- [restartedMain] .e.DevToolsPropertyDefaultsPostProcessor : Devtools property defaults active! Set 'spring.devtools.add-properties' to 'false' to disable
2022-11-22 06:52:38.614  INFO 11945 --- [restartedMain] .e.DevToolsPropertyDefaultsPostProcessor : For additional web related logging consider setting the 'logging.level.web' property to 'DEBUG'
2022-11-22 06:52:39.012  INFO 11945 --- [restartedMain] .s.d.r.c.RepositoryConfigurationDelegate : Bootstrapping Spring Data JPA repositories in DEFAULT mode.
2022-11-22 06:52:39.061  INFO 11945 --- [restartedMain] .s.d.r.c.RepositoryConfigurationDelegate : Finished Spring Data repository scanning in 45 ms. Found 7 JPA repository interfaces.
2022-11-22 06:52:39.436  INFO 11945 --- [restartedMain] o.s.b.w.embedded.tomcat.TomcatWebServer  : Tomcat initialized with port(s): 8080 (http)
2022-11-22 06:52:39.442  INFO 11945 --- [restartedMain] o.apache.catalina.core.StandardService   : Starting service [Tomcat]
2022-11-22 06:52:39.442  INFO 11945 --- [restartedMain] org.apache.catalina.core.StandardEngine  : Starting Servlet engine: [Apache Tomcat/9.0.65]
2022-11-22 06:52:39.488  INFO 11945 --- [restartedMain] o.a.c.c.C.[Tomcat].[localhost].[/]       : Initializing Spring embedded WebApplicationContext
2022-11-22 06:52:39.489  INFO 11945 --- [restartedMain] w.s.c.ServletWebServerApplicationContext : Root WebApplicationContext: initialization completed in 875 ms
2022-11-22 06:52:39.519  INFO 11945 --- [restartedMain] com.zaxxer.hikari.HikariDataSource       : HikariPool-1 - Starting...
2022-11-22 06:52:40.286  INFO 11945 --- [restartedMain] com.zaxxer.hikari.HikariDataSource       : HikariPool-1 - Start completed.
2022-11-22 06:52:40.295  INFO 11945 --- [restartedMain] o.s.b.a.h2.H2ConsoleAutoConfiguration    : H2 console available at '/h2-console'. Database available at 'jdbc:postgresql://ec2-54-228-30-162.eu-west-1.compute.amazonaws.com:5432/d81o9nqc4el01a'
2022-11-22 06:52:40.395  INFO 11945 --- [restartedMain] c.v.f.s.VaadinServletContextInitializer  : Search for VaadinAppShell took 25 ms
2022-11-22 06:52:41.225  INFO 11945 --- [restartedMain] c.v.f.s.VaadinServletContextInitializer  : Search for subclasses and classes with annotations took 774 ms
2022-11-22 06:52:41.263  INFO 11945 --- [restartedMain] c.v.b.d.startup.DevModeStartupListener   : Starting dev-mode updaters in /Users/florian/IdeaProjects/filso folder.
2022-11-22 06:52:41.288  INFO 11945 --- [restartedMain] c.v.f.s.f.s.FullDependenciesScanner      : Visited 122 classes. Took 17 ms.
2022-11-22 06:52:41.337  INFO 11945 --- [ForkJoinPool.commonPool-worker-1] c.v.f.s.frontend.TaskUpdatePackages      : Skipping `npm install` because the frontend packages are already installed in the folder '/Users/florian/IdeaProjects/filso/node_modules' and the hash in the file '/Users/florian/IdeaProjects/filso/node_modules/.vaadin/vaadin.json' is the same as in 'package.json'
2022-11-22 06:52:41.337  INFO 11945 --- [ForkJoinPool.commonPool-worker-1] c.v.f.s.frontend.TaskCopyFrontendFiles   : Copying frontend resources from jar files ...
2022-11-22 06:52:41.351  INFO 11945 --- [ForkJoinPool.commonPool-worker-1] c.v.f.s.frontend.TaskCopyFrontendFiles   : Visited 19 resources. Took 13 ms.
2022-11-22 06:52:41.371  INFO 11945 --- [ForkJoinPool.commonPool-worker-1] c.v.b.devserver.AbstractDevServerRunner  : Starting Webpack
2022-11-22 06:52:41.406  INFO 11945 --- [restartedMain] o.hibernate.jpa.internal.util.LogHelper  : HHH000204: Processing PersistenceUnitInfo [name: default]
2022-11-22 06:52:41.426  INFO 11945 --- [restartedMain] org.hibernate.Version                    : HHH000412: Hibernate ORM core version 5.6.10.Final
2022-11-22 06:52:41.516  INFO 11945 --- [restartedMain] o.hibernate.annotations.common.Version   : HCANN000001: Hibernate Commons Annotations {5.1.2.Final}
2022-11-22 06:52:41.627  INFO 11945 --- [restartedMain] org.hibernate.dialect.Dialect            : HHH000400: Using dialect: org.hibernate.dialect.PostgreSQL9Dialect
2022-11-22 06:52:42.336  INFO 11945 --- [ForkJoinPool.commonPool-worker-1] c.v.b.devserver.AbstractDevServerRunner  : Running Webpack to compile frontend resources. This may take a moment, please stand by...
2022-11-22 06:52:43.048  INFO 11945 --- [restartedMain] o.h.e.t.j.p.i.JtaPlatformInitiator       : HHH000490: Using JtaPlatform implementation: [org.hibernate.engine.transaction.jta.platform.internal.NoJtaPlatform]
2022-11-22 06:52:43.051  INFO 11945 --- [restartedMain] j.LocalContainerEntityManagerFactoryBean : Initialized JPA EntityManagerFactory for persistence unit 'default'
2022-11-22 06:52:43.444  INFO 11945 --- [dev-server-output] c.v.b.devserver.DevServerOutputTracker   : [webpack-dev-server] Project is running at:
2022-11-22 06:52:43.444  INFO 11945 --- [dev-server-output] c.v.b.devserver.DevServerOutputTracker   : [webpack-dev-server] Loopback: http://localhost:61019/
2022-11-22 06:52:43.444  INFO 11945 --- [dev-server-output] c.v.b.devserver.DevServerOutputTracker   : [webpack-dev-server] On Your Network (IPv4): http://192.168.0.150:61019/
2022-11-22 06:52:43.444  INFO 11945 --- [dev-server-output] c.v.b.devserver.DevServerOutputTracker   : [webpack-dev-server] On Your Network (IPv6): http://[fe80::1]:61019/
2022-11-22 06:52:43.445  INFO 11945 --- [dev-server-output] c.v.b.devserver.DevServerOutputTracker   : [webpack-dev-server] Content not from webpack is served from '/Users/florian/IdeaProjects/filso/target/classes/META-INF/VAADIN/webapp, /Users/florian/IdeaProjects/filso/src/main/webapp' directory
2022-11-22 06:52:43.459  WARN 11945 --- [restartedMain] JpaBaseConfiguration$JpaWebConfiguration : spring.jpa.open-in-view is enabled by default. Therefore, database queries may be performed during view rendering. Explicitly configure spring.jpa.open-in-view to disable this warning
2022-11-22 06:52:43.540  WARN 11945 --- [restartedMain] o.s.s.c.a.web.builders.WebSecurity       : You are asking Spring Security to ignore Or [Ant [pattern='/favicon.ico'], Ant [pattern='/manifest.webmanifest'], Ant [pattern='/sw.js'], Ant [pattern='/sw-runtime-resources-precache.js'], Ant [pattern='/offline.html'], Ant [pattern='/offline-stub.html'], Ant [pattern='/icons/icon.png'], Ant [pattern='/themes/**'], Ant [pattern='/icons/icon-144x144.png'], Ant [pattern='/icons/icon-192x192.png'], Ant [pattern='/icons/icon-512x512.png'], Ant [pattern='/icons/icon-16x16.png'], Ant [pattern='/icons/icon-32x32.png'], Ant [pattern='/icons/icon-96x96.png'], Ant [pattern='/icons/icon-180x180.png'], Ant [pattern='/icons/icon-2048x2732.png'], Ant [pattern='/icons/icon-2732x2048.png'], Ant [pattern='/icons/icon-1668x2388.png'], Ant [pattern='/icons/icon-2388x1668.png'], Ant [pattern='/icons/icon-1668x2224.png'], Ant [pattern='/icons/icon-2224x1668.png'], Ant [pattern='/icons/icon-1620x2160.png'], Ant [pattern='/icons/icon-2160x1620.png'], Ant [pattern='/icons/icon-1536x2048.png'], Ant [pattern='/icons/icon-2048x1536.png'], Ant [pattern='/icons/icon-1284x2778.png'], Ant [pattern='/icons/icon-2778x1284.png'], Ant [pattern='/icons/icon-1170x2532.png'], Ant [pattern='/icons/icon-2532x1170.png'], Ant [pattern='/icons/icon-1125x2436.png'], Ant [pattern='/icons/icon-2436x1125.png'], Ant [pattern='/icons/icon-1242x2688.png'], Ant [pattern='/icons/icon-2688x1242.png'], Ant [pattern='/icons/icon-828x1792.png'], Ant [pattern='/icons/icon-1792x828.png'], Ant [pattern='/icons/icon-1242x2208.png'], Ant [pattern='/icons/icon-2208x1242.png'], Ant [pattern='/icons/icon-750x1334.png'], Ant [pattern='/icons/icon-1334x750.png'], Ant [pattern='/icons/icon-640x1136.png'], Ant [pattern='/icons/icon-1136x640.png']]. This is not recommended -- please use permitAll via HttpSecurity#authorizeHttpRequests instead.
2022-11-22 06:52:43.541  INFO 11945 --- [restartedMain] o.s.s.web.DefaultSecurityFilterChain     : Will not secure Or [Ant [pattern='/favicon.ico'], Ant [pattern='/manifest.webmanifest'], Ant [pattern='/sw.js'], Ant [pattern='/sw-runtime-resources-precache.js'], Ant [pattern='/offline.html'], Ant [pattern='/offline-stub.html'], Ant [pattern='/icons/icon.png'], Ant [pattern='/themes/**'], Ant [pattern='/icons/icon-144x144.png'], Ant [pattern='/icons/icon-192x192.png'], Ant [pattern='/icons/icon-512x512.png'], Ant [pattern='/icons/icon-16x16.png'], Ant [pattern='/icons/icon-32x32.png'], Ant [pattern='/icons/icon-96x96.png'], Ant [pattern='/icons/icon-180x180.png'], Ant [pattern='/icons/icon-2048x2732.png'], Ant [pattern='/icons/icon-2732x2048.png'], Ant [pattern='/icons/icon-1668x2388.png'], Ant [pattern='/icons/icon-2388x1668.png'], Ant [pattern='/icons/icon-1668x2224.png'], Ant [pattern='/icons/icon-2224x1668.png'], Ant [pattern='/icons/icon-1620x2160.png'], Ant [pattern='/icons/icon-2160x1620.png'], Ant [pattern='/icons/icon-1536x2048.png'], Ant [pattern='/icons/icon-2048x1536.png'], Ant [pattern='/icons/icon-1284x2778.png'], Ant [pattern='/icons/icon-2778x1284.png'], Ant [pattern='/icons/icon-1170x2532.png'], Ant [pattern='/icons/icon-2532x1170.png'], Ant [pattern='/icons/icon-1125x2436.png'], Ant [pattern='/icons/icon-2436x1125.png'], Ant [pattern='/icons/icon-1242x2688.png'], Ant [pattern='/icons/icon-2688x1242.png'], Ant [pattern='/icons/icon-828x1792.png'], Ant [pattern='/icons/icon-1792x828.png'], Ant [pattern='/icons/icon-1242x2208.png'], Ant [pattern='/icons/icon-2208x1242.png'], Ant [pattern='/icons/icon-750x1334.png'], Ant [pattern='/icons/icon-1334x750.png'], Ant [pattern='/icons/icon-640x1136.png'], Ant [pattern='/icons/icon-1136x640.png']]
2022-11-22 06:52:43.541  WARN 11945 --- [restartedMain] o.s.s.c.a.web.builders.WebSecurity       : You are asking Spring Security to ignore Ant [pattern='/api/**']. This is not recommended -- please use permitAll via HttpSecurity#authorizeHttpRequests instead.
2022-11-22 06:52:43.541  INFO 11945 --- [restartedMain] o.s.s.web.DefaultSecurityFilterChain     : Will not secure Ant [pattern='/api/**']
2022-11-22 06:52:43.541  WARN 11945 --- [restartedMain] o.s.s.c.a.web.builders.WebSecurity       : You are asking Spring Security to ignore Ant [pattern='/VAADIN/**']. This is not recommended -- please use permitAll via HttpSecurity#authorizeHttpRequests instead.
2022-11-22 06:52:43.541  INFO 11945 --- [restartedMain] o.s.s.web.DefaultSecurityFilterChain     : Will not secure Ant [pattern='/VAADIN/**']
2022-11-22 06:52:43.541  WARN 11945 --- [restartedMain] o.s.s.c.a.web.builders.WebSecurity       : You are asking Spring Security to ignore Ant [pattern='/favicon.ico']. This is not recommended -- please use permitAll via HttpSecurity#authorizeHttpRequests instead.
2022-11-22 06:52:43.541  INFO 11945 --- [restartedMain] o.s.s.web.DefaultSecurityFilterChain     : Will not secure Ant [pattern='/favicon.ico']
2022-11-22 06:52:43.541  WARN 11945 --- [restartedMain] o.s.s.c.a.web.builders.WebSecurity       : You are asking Spring Security to ignore Ant [pattern='/robots.txt']. This is not recommended -- please use permitAll via HttpSecurity#authorizeHttpRequests instead.
2022-11-22 06:52:43.541  INFO 11945 --- [restartedMain] o.s.s.web.DefaultSecurityFilterChain     : Will not secure Ant [pattern='/robots.txt']
2022-11-22 06:52:43.541  WARN 11945 --- [restartedMain] o.s.s.c.a.web.builders.WebSecurity       : You are asking Spring Security to ignore Ant [pattern='/manifest.webmanifest']. This is not recommended -- please use permitAll via HttpSecurity#authorizeHttpRequests instead.
2022-11-22 06:52:43.541  INFO 11945 --- [restartedMain] o.s.s.web.DefaultSecurityFilterChain     : Will not secure Ant [pattern='/manifest.webmanifest']
2022-11-22 06:52:43.541  WARN 11945 --- [restartedMain] o.s.s.c.a.web.builders.WebSecurity       : You are asking Spring Security to ignore Ant [pattern='/sw.js']. This is not recommended -- please use permitAll via HttpSecurity#authorizeHttpRequests instead.
2022-11-22 06:52:43.541  INFO 11945 --- [restartedMain] o.s.s.web.DefaultSecurityFilterChain     : Will not secure Ant [pattern='/sw.js']
2022-11-22 06:52:43.541  WARN 11945 --- [restartedMain] o.s.s.c.a.web.builders.WebSecurity       : You are asking Spring Security to ignore Ant [pattern='/offline-page.html']. This is not recommended -- please use permitAll via HttpSecurity#authorizeHttpRequests instead.
2022-11-22 06:52:43.541  INFO 11945 --- [restartedMain] o.s.s.web.DefaultSecurityFilterChain     : Will not secure Ant [pattern='/offline-page.html']
2022-11-22 06:52:43.541  WARN 11945 --- [restartedMain] o.s.s.c.a.web.builders.WebSecurity       : You are asking Spring Security to ignore Ant [pattern='/icons/**']. This is not recommended -- please use permitAll via HttpSecurity#authorizeHttpRequests instead.
2022-11-22 06:52:43.541  INFO 11945 --- [restartedMain] o.s.s.web.DefaultSecurityFilterChain     : Will not secure Ant [pattern='/icons/**']
2022-11-22 06:52:43.541  WARN 11945 --- [restartedMain] o.s.s.c.a.web.builders.WebSecurity       : You are asking Spring Security to ignore Ant [pattern='/images/**']. This is not recommended -- please use permitAll via HttpSecurity#authorizeHttpRequests instead.
2022-11-22 06:52:43.541  INFO 11945 --- [restartedMain] o.s.s.web.DefaultSecurityFilterChain     : Will not secure Ant [pattern='/images/**']
2022-11-22 06:52:43.541  WARN 11945 --- [restartedMain] o.s.s.c.a.web.builders.WebSecurity       : You are asking Spring Security to ignore Ant [pattern='/h2-console/**']. This is not recommended -- please use permitAll via HttpSecurity#authorizeHttpRequests instead.
2022-11-22 06:52:43.541  INFO 11945 --- [restartedMain] o.s.s.web.DefaultSecurityFilterChain     : Will not secure Ant [pattern='/h2-console/**']
2022-11-22 06:52:43.571  INFO 11945 --- [restartedMain] o.s.s.web.DefaultSecurityFilterChain     : Will secure any request with [org.springframework.security.web.session.DisableEncodeUrlFilter@3fa07972, org.springframework.security.web.context.request.async.WebAsyncManagerIntegrationFilter@629577ff, org.springframework.security.web.context.SecurityContextPersistenceFilter@1afc8792, org.springframework.security.web.header.HeaderWriterFilter@50398fe8, org.springframework.security.web.authentication.logout.LogoutFilter@6c897be0, org.springframework.security.web.authentication.UsernamePasswordAuthenticationFilter@3e3b688a, org.springframework.security.web.savedrequest.RequestCacheAwareFilter@7b714c38, org.springframework.security.web.servletapi.SecurityContextHolderAwareRequestFilter@27fd25d, org.springframework.security.web.authentication.AnonymousAuthenticationFilter@5c411749, org.springframework.security.web.session.SessionManagementFilter@5bbe68d, org.springframework.security.web.access.ExceptionTranslationFilter@4e6b206e, org.springframework.security.web.access.intercept.FilterSecurityInterceptor@6129e7c9]
2022-11-22 06:52:43.871  INFO 11945 --- [restartedMain] o.s.b.d.a.OptionalLiveReloadServer       : LiveReload server is running on port 35729
2022-11-22 06:52:43.946  INFO 11945 --- [restartedMain] c.v.f.s.DefaultDeploymentConfiguration   : 
Vaadin is running in DEVELOPMENT mode - do not use for production deployments.
2022-11-22 06:52:43.974  INFO 11945 --- [restartedMain] o.s.b.w.embedded.tomcat.TomcatWebServer  : Tomcat started on port(s): 8080 (http) with context path ''
2022-11-22 06:52:43.982  INFO 11945 --- [restartedMain] com.ale.filso.FilsoApplication           : Started FilsoApplication in 5.8 seconds (JVM running for 6.04)
2022-11-22 06:52:44.316  INFO 11945 --- [http-nio-8080-exec-1] o.a.c.c.C.[Tomcat].[localhost].[/]       : Initializing Spring DispatcherServlet 'dispatcherServlet'
2022-11-22 06:52:44.316  INFO 11945 --- [http-nio-8080-exec-1] o.s.web.servlet.DispatcherServlet        : Initializing Servlet 'dispatcherServlet'
2022-11-22 06:52:44.317  INFO 11945 --- [http-nio-8080-exec-1] o.s.web.servlet.DispatcherServlet        : Completed initialization in 1 ms
2022-11-22 06:52:45.187  INFO 11945 --- [dev-server-output] c.v.b.devserver.DevServerOutputTracker   : [build-status] : Compiled.
2022-11-22 06:52:45.189  INFO 11945 --- [ForkJoinPool.commonPool-worker-1] c.v.b.devserver.AbstractDevServerRunner  : Started Webpack. Time: 3818ms
2022-11-22 06:52:45.200  INFO 11945 --- [dev-server-output] c.v.b.devserver.DevServerOutputTracker   : No issues found.
2022-11-22 06:52:45.238  INFO 11945 --- [dev-server-output] c.v.b.devserver.DevServerOutputTracker   : [webpack-dev-middleware] wait until bundle finished: /index.html
2022-11-22 06:52:45.476  INFO 11945 --- [dev-server-output] c.v.b.devserver.DevServerOutputTracker   : [build-status] : Compiled.
2022-11-22 06:52:45.487  INFO 11945 --- [dev-server-output] c.v.b.devserver.DevServerOutputTracker   : No issues found.
2022-11-22 06:53:28.306  INFO 11945 --- [dev-server-output] c.v.b.devserver.DevServerOutputTracker   : [webpack-dev-server] Gracefully shutting down. To force exit, press ^C again. Please wait...
2022-11-22 06:53:28.320  INFO 11945 --- [SpringApplicationShutdownHook] j.LocalContainerEntityManagerFactoryBean : Closing JPA EntityManagerFactory for persistence unit 'default'
2022-11-22 06:53:28.322  INFO 11945 --- [SpringApplicationShutdownHook] com.zaxxer.hikari.HikariDataSource       : HikariPool-1 - Shutdown initiated...
2022-11-22 06:53:28.923  INFO 11945 --- [SpringApplicationShutdownHook] com.zaxxer.hikari.HikariDataSource       : HikariPool-1 - Shutdown completed.
